<?xml version="1.0" encoding="UTF-8"?>
<coverage generated="1760081889396" clover="3.2.0">
  <project timestamp="1760081889396" name="All files">
    <metrics statements="100" coveredstatements="100" conditionals="30" coveredconditionals="30" methods="28" coveredmethods="28" elements="158" coveredelements="158" complexity="0" loc="100" ncloc="100" packages="3" files="6" classes="6"/>
    <package name="src">
      <metrics statements="42" coveredstatements="42" conditionals="4" coveredconditionals="4" methods="17" coveredmethods="17"/>
      <file name="Rover.ts" path="/Users/lieuwe.jansons/code/dojo/exams/smelly-mars-rover/typescript/src/Rover.ts">
        <metrics statements="19" coveredstatements="19" conditionals="2" coveredconditionals="2" methods="5" coveredmethods="5"/>
        <line num="1" count="1" type="stmt"/>
        <line num="2" count="1" type="stmt"/>
        <line num="3" count="1" type="stmt"/>
        <line num="4" count="1" type="stmt"/>
        <line num="5" count="1" type="stmt"/>
        <line num="7" count="1" type="stmt"/>
        <line num="8" count="22" type="stmt"/>
        <line num="9" count="22" type="stmt"/>
        <line num="12" count="22" type="stmt"/>
        <line num="13" count="22" type="cond" truecount="1" falsecount="0"/>
        <line num="14" count="21" type="stmt"/>
        <line num="15" count="21" type="stmt"/>
        <line num="16" count="21" type="stmt"/>
        <line num="21" count="20" type="stmt"/>
        <line num="25" count="4" type="stmt"/>
        <line num="30" count="3" type="stmt"/>
        <line num="31" count="3" type="stmt"/>
        <line num="36" count="21" type="stmt"/>
        <line num="37" count="21" type="stmt"/>
      </file>
      <file name="RoverState.ts" path="/Users/lieuwe.jansons/code/dojo/exams/smelly-mars-rover/typescript/src/RoverState.ts">
        <metrics statements="23" coveredstatements="23" conditionals="2" coveredconditionals="2" methods="12" coveredmethods="12"/>
        <line num="1" count="1" type="cond" truecount="2" falsecount="0"/>
        <line num="2" count="1" type="stmt"/>
        <line num="3" count="1" type="stmt"/>
        <line num="4" count="1" type="stmt"/>
        <line num="5" count="1" type="stmt"/>
        <line num="8" count="1" type="stmt"/>
        <line num="9" count="1" type="stmt"/>
        <line num="10" count="1" type="stmt"/>
        <line num="11" count="1" type="stmt"/>
        <line num="13" count="1" type="stmt"/>
        <line num="14" count="22" type="stmt"/>
        <line num="15" count="22" type="stmt"/>
        <line num="16" count="22" type="stmt"/>
        <line num="19" count="108" type="stmt"/>
        <line num="23" count="3" type="stmt"/>
        <line num="27" count="3" type="stmt"/>
        <line num="31" count="4" type="stmt"/>
        <line num="35" count="6" type="stmt"/>
        <line num="39" count="4" type="stmt"/>
        <line num="43" count="4" type="stmt"/>
        <line num="47" count="6" type="stmt"/>
        <line num="51" count="4" type="stmt"/>
        <line num="55" count="24" type="stmt"/>
      </file>
    </package>
    <package name="src.commandHandling">
      <metrics statements="22" coveredstatements="22" conditionals="8" coveredconditionals="8" methods="5" coveredmethods="5"/>
      <file name="commandsHandler.ts" path="/Users/lieuwe.jansons/code/dojo/exams/smelly-mars-rover/typescript/src/commandHandling/commandsHandler.ts">
        <metrics statements="22" coveredstatements="22" conditionals="8" coveredconditionals="8" methods="5" coveredmethods="5"/>
        <line num="3" count="1" type="cond" truecount="2" falsecount="0"/>
        <line num="4" count="1" type="stmt"/>
        <line num="5" count="1" type="stmt"/>
        <line num="6" count="1" type="stmt"/>
        <line num="9" count="1" type="stmt"/>
        <line num="10" count="1" type="stmt"/>
        <line num="11" count="1" type="stmt"/>
        <line num="18" count="1" type="stmt"/>
        <line num="20" count="1" type="stmt"/>
        <line num="24" count="22" type="stmt"/>
        <line num="28" count="20" type="stmt"/>
        <line num="29" count="35" type="stmt"/>
        <line num="31" count="35" type="cond" truecount="1" falsecount="0"/>
        <line num="32" count="1" type="stmt"/>
        <line num="35" count="34" type="stmt"/>
        <line num="40" count="34" type="stmt"/>
        <line num="41" count="74" type="cond" truecount="1" falsecount="0"/>
        <line num="42" count="34" type="stmt"/>
        <line num="43" count="34" type="stmt"/>
        <line num="49" count="35" type="cond" truecount="4" falsecount="0"/>
        <line num="50" count="1" type="stmt"/>
        <line num="53" count="34" type="stmt"/>
      </file>
    </package>
    <package name="src.commandHandling.strategies">
      <metrics statements="36" coveredstatements="36" conditionals="18" coveredconditionals="18" methods="6" coveredmethods="6"/>
      <file name="commandLeft.ts" path="/Users/lieuwe.jansons/code/dojo/exams/smelly-mars-rover/typescript/src/commandHandling/strategies/commandLeft.ts">
        <metrics statements="12" coveredstatements="12" conditionals="7" coveredconditionals="7" methods="2" coveredmethods="2"/>
        <line num="1" count="1" type="stmt"/>
        <line num="2" count="1" type="stmt"/>
        <line num="5" count="1" type="stmt"/>
        <line num="7" count="34" type="stmt"/>
        <line num="11" count="10" type="cond" truecount="2" falsecount="0"/>
        <line num="12" count="2" type="stmt"/>
        <line num="13" count="8" type="cond" truecount="2" falsecount="0"/>
        <line num="14" count="4" type="stmt"/>
        <line num="15" count="4" type="cond" truecount="2" falsecount="0"/>
        <line num="16" count="2" type="stmt"/>
        <line num="17" count="2" type="cond" truecount="1" falsecount="0"/>
        <line num="18" count="2" type="stmt"/>
      </file>
      <file name="commandMove.ts" path="/Users/lieuwe.jansons/code/dojo/exams/smelly-mars-rover/typescript/src/commandHandling/strategies/commandMove.ts">
        <metrics statements="12" coveredstatements="12" conditionals="4" coveredconditionals="4" methods="2" coveredmethods="2"/>
        <line num="1" count="1" type="stmt"/>
        <line num="2" count="1" type="stmt"/>
        <line num="4" count="1" type="stmt"/>
        <line num="6" count="16" type="stmt"/>
        <line num="10" count="16" type="cond" truecount="1" falsecount="0"/>
        <line num="11" count="6" type="stmt"/>
        <line num="13" count="16" type="cond" truecount="1" falsecount="0"/>
        <line num="14" count="4" type="stmt"/>
        <line num="16" count="16" type="cond" truecount="1" falsecount="0"/>
        <line num="17" count="3" type="stmt"/>
        <line num="19" count="16" type="cond" truecount="1" falsecount="0"/>
        <line num="20" count="3" type="stmt"/>
      </file>
      <file name="commandRight.ts" path="/Users/lieuwe.jansons/code/dojo/exams/smelly-mars-rover/typescript/src/commandHandling/strategies/commandRight.ts">
        <metrics statements="12" coveredstatements="12" conditionals="7" coveredconditionals="7" methods="2" coveredmethods="2"/>
        <line num="1" count="1" type="stmt"/>
        <line num="2" count="1" type="stmt"/>
        <line num="4" count="1" type="stmt"/>
        <line num="6" count="24" type="stmt"/>
        <line num="10" count="8" type="cond" truecount="2" falsecount="0"/>
        <line num="11" count="2" type="stmt"/>
        <line num="12" count="6" type="cond" truecount="2" falsecount="0"/>
        <line num="13" count="2" type="stmt"/>
        <line num="14" count="4" type="cond" truecount="2" falsecount="0"/>
        <line num="15" count="2" type="stmt"/>
        <line num="16" count="2" type="cond" truecount="1" falsecount="0"/>
        <line num="17" count="2" type="stmt"/>
      </file>
    </package>
  </project>
</coverage>
