{"/Users/lieuwe.jansons/code/dojo/exams/smelly-mars-rover/typescript/src/Rover.ts": {"path":"/Users/lieuwe.jansons/code/dojo/exams/smelly-mars-rover/typescript/src/Rover.ts","statementMap":{"0":{"start":{"line":1,"column":0},"end":{"line":1,"column":42}},"1":{"start":{"line":4,"column":12},"end":{"line":4,"column":46}},"2":{"start":{"line":7,"column":16},"end":{"line":7,"column":28}},"3":{"start":{"line":8,"column":6},"end":{"line":12,"column":7}},"4":{"start":{"line":9,"column":8},"end":{"line":9,"column":46}},"5":{"start":{"line":10,"column":8},"end":{"line":10,"column":48}},"6":{"start":{"line":11,"column":8},"end":{"line":11,"column":29}},"7":{"start":{"line":16,"column":6},"end":{"line":34,"column":7}},"8":{"start":{"line":16,"column":19},"end":{"line":16,"column":20}},"9":{"start":{"line":17,"column":18},"end":{"line":17,"column":24}},"10":{"start":{"line":18,"column":8},"end":{"line":33,"column":9}},"11":{"start":{"line":19,"column":10},"end":{"line":22,"column":60}},"12":{"start":{"line":19,"column":41},"end":{"line":19,"column":58}},"13":{"start":{"line":20,"column":15},"end":{"line":22,"column":60}},"14":{"start":{"line":20,"column":41},"end":{"line":20,"column":58}},"15":{"start":{"line":21,"column":15},"end":{"line":22,"column":60}},"16":{"start":{"line":21,"column":41},"end":{"line":21,"column":58}},"17":{"start":{"line":22,"column":15},"end":{"line":22,"column":60}},"18":{"start":{"line":22,"column":41},"end":{"line":22,"column":58}},"19":{"start":{"line":23,"column":15},"end":{"line":33,"column":9}},"20":{"start":{"line":24,"column":10},"end":{"line":27,"column":60}},"21":{"start":{"line":24,"column":41},"end":{"line":24,"column":58}},"22":{"start":{"line":25,"column":15},"end":{"line":27,"column":60}},"23":{"start":{"line":25,"column":41},"end":{"line":25,"column":58}},"24":{"start":{"line":26,"column":15},"end":{"line":27,"column":60}},"25":{"start":{"line":26,"column":41},"end":{"line":26,"column":58}},"26":{"start":{"line":27,"column":15},"end":{"line":27,"column":60}},"27":{"start":{"line":27,"column":41},"end":{"line":27,"column":58}},"28":{"start":{"line":28,"column":15},"end":{"line":33,"column":9}},"29":{"start":{"line":29,"column":10},"end":{"line":29,"column":62}},"30":{"start":{"line":29,"column":41},"end":{"line":29,"column":60}},"31":{"start":{"line":30,"column":10},"end":{"line":30,"column":64}},"32":{"start":{"line":30,"column":41},"end":{"line":30,"column":62}},"33":{"start":{"line":31,"column":10},"end":{"line":31,"column":62}},"34":{"start":{"line":31,"column":41},"end":{"line":31,"column":60}},"35":{"start":{"line":32,"column":10},"end":{"line":32,"column":64}},"36":{"start":{"line":32,"column":41},"end":{"line":32,"column":62}},"37":{"start":{"line":39,"column":6},"end":{"line":39,"column":20}},"38":{"start":{"line":43,"column":6},"end":{"line":43,"column":71}},"39":{"start":{"line":47,"column":6},"end":{"line":47,"column":22}},"40":{"start":{"line":3,"column":0},"end":{"line":3,"column":13}}},"fnMap":{"0":{"name":"(anonymous_0)","decl":{"start":{"line":6,"column":4},"end":{"line":6,"column":16}},"loc":{"start":{"line":6,"column":30},"end":{"line":13,"column":5}}},"1":{"name":"(anonymous_1)","decl":{"start":{"line":15,"column":11},"end":{"line":15,"column":13}},"loc":{"start":{"line":15,"column":25},"end":{"line":35,"column":5}}},"2":{"name":"(anonymous_2)","decl":{"start":{"line":38,"column":11},"end":{"line":38,"column":12}},"loc":{"start":{"line":38,"column":22},"end":{"line":40,"column":5}}},"3":{"name":"(anonymous_3)","decl":{"start":{"line":42,"column":4},"end":{"line":42,"column":15}},"loc":{"start":{"line":42,"column":18},"end":{"line":44,"column":5}}},"4":{"name":"(anonymous_4)","decl":{"start":{"line":46,"column":11},"end":{"line":46,"column":14}},"loc":{"start":{"line":46,"column":14},"end":{"line":48,"column":5}}}},"branchMap":{"0":{"loc":{"start":{"line":6,"column":16},"end":{"line":6,"column":30}},"type":"default-arg","locations":[{"start":{"line":6,"column":28},"end":{"line":6,"column":30}}]},"1":{"loc":{"start":{"line":8,"column":6},"end":{"line":12,"column":7}},"type":"if","locations":[{"start":{"line":8,"column":6},"end":{"line":12,"column":7}}]},"2":{"loc":{"start":{"line":18,"column":8},"end":{"line":33,"column":9}},"type":"if","locations":[{"start":{"line":18,"column":8},"end":{"line":33,"column":9}},{"start":{"line":23,"column":15},"end":{"line":33,"column":9}}]},"3":{"loc":{"start":{"line":19,"column":10},"end":{"line":22,"column":60}},"type":"if","locations":[{"start":{"line":19,"column":10},"end":{"line":22,"column":60}},{"start":{"line":20,"column":15},"end":{"line":22,"column":60}}]},"4":{"loc":{"start":{"line":20,"column":15},"end":{"line":22,"column":60}},"type":"if","locations":[{"start":{"line":20,"column":15},"end":{"line":22,"column":60}},{"start":{"line":21,"column":15},"end":{"line":22,"column":60}}]},"5":{"loc":{"start":{"line":21,"column":15},"end":{"line":22,"column":60}},"type":"if","locations":[{"start":{"line":21,"column":15},"end":{"line":22,"column":60}},{"start":{"line":22,"column":15},"end":{"line":22,"column":60}}]},"6":{"loc":{"start":{"line":22,"column":15},"end":{"line":22,"column":60}},"type":"if","locations":[{"start":{"line":22,"column":15},"end":{"line":22,"column":60}}]},"7":{"loc":{"start":{"line":23,"column":15},"end":{"line":33,"column":9}},"type":"if","locations":[{"start":{"line":23,"column":15},"end":{"line":33,"column":9}},{"start":{"line":28,"column":15},"end":{"line":33,"column":9}}]},"8":{"loc":{"start":{"line":24,"column":10},"end":{"line":27,"column":60}},"type":"if","locations":[{"start":{"line":24,"column":10},"end":{"line":27,"column":60}},{"start":{"line":25,"column":15},"end":{"line":27,"column":60}}]},"9":{"loc":{"start":{"line":25,"column":15},"end":{"line":27,"column":60}},"type":"if","locations":[{"start":{"line":25,"column":15},"end":{"line":27,"column":60}},{"start":{"line":26,"column":15},"end":{"line":27,"column":60}}]},"10":{"loc":{"start":{"line":26,"column":15},"end":{"line":27,"column":60}},"type":"if","locations":[{"start":{"line":26,"column":15},"end":{"line":27,"column":60}},{"start":{"line":27,"column":15},"end":{"line":27,"column":60}}]},"11":{"loc":{"start":{"line":27,"column":15},"end":{"line":27,"column":60}},"type":"if","locations":[{"start":{"line":27,"column":15},"end":{"line":27,"column":60}}]},"12":{"loc":{"start":{"line":28,"column":15},"end":{"line":33,"column":9}},"type":"if","locations":[{"start":{"line":28,"column":15},"end":{"line":33,"column":9}}]},"13":{"loc":{"start":{"line":29,"column":10},"end":{"line":29,"column":62}},"type":"if","locations":[{"start":{"line":29,"column":10},"end":{"line":29,"column":62}}]},"14":{"loc":{"start":{"line":30,"column":10},"end":{"line":30,"column":64}},"type":"if","locations":[{"start":{"line":30,"column":10},"end":{"line":30,"column":64}}]},"15":{"loc":{"start":{"line":31,"column":10},"end":{"line":31,"column":62}},"type":"if","locations":[{"start":{"line":31,"column":10},"end":{"line":31,"column":62}}]},"16":{"loc":{"start":{"line":32,"column":10},"end":{"line":32,"column":64}},"type":"if","locations":[{"start":{"line":32,"column":10},"end":{"line":32,"column":64}}]}},"s":{"0":1,"1":21,"2":21,"3":21,"4":20,"5":20,"6":20,"7":19,"8":19,"9":34,"10":34,"11":10,"12":2,"13":8,"14":4,"15":4,"16":2,"17":2,"18":2,"19":24,"20":8,"21":2,"22":6,"23":2,"24":4,"25":2,"26":2,"27":2,"28":16,"29":16,"30":6,"31":16,"32":4,"33":16,"34":3,"35":16,"36":3,"37":4,"38":20,"39":20,"40":1},"f":{"0":21,"1":19,"2":4,"3":20,"4":20},"b":{"0":[1],"1":[20],"2":[10,24],"3":[2,8],"4":[4,4],"5":[2,2],"6":[2],"7":[8,16],"8":[2,6],"9":[2,4],"10":[2,2],"11":[2],"12":[16],"13":[6],"14":[4],"15":[3],"16":[3]}}
,"/Users/lieuwe.jansons/code/dojo/exams/smelly-mars-rover/typescript/src/RoverState.ts": {"path":"/Users/lieuwe.jansons/code/dojo/exams/smelly-mars-rover/typescript/src/RoverState.ts","statementMap":{"0":{"start":{"line":2,"column":4},"end":{"line":2,"column":25}},"1":{"start":{"line":3,"column":4},"end":{"line":3,"column":27}},"2":{"start":{"line":4,"column":4},"end":{"line":4,"column":21}},"3":{"start":{"line":1,"column":0},"end":{"line":1,"column":13}}},"fnMap":{"0":{"name":"(anonymous_0)","decl":{"start":{"line":1,"column":0},"end":{"line":1,"column":13}},"loc":{"start":{"line":1,"column":0},"end":{"line":5,"column":1}}}},"branchMap":{},"s":{"0":21,"1":21,"2":21,"3":1},"f":{"0":21},"b":{}}
}
