{"/Users/lieuwe.jansons/code/dojo/exams/smelly-mars-rover/typescript/src/Rover.ts": {"path":"/Users/lieuwe.jansons/code/dojo/exams/smelly-mars-rover/typescript/src/Rover.ts","statementMap":{"0":{"start":{"line":1,"column":0},"end":{"line":1,"column":109}},"1":{"start":{"line":2,"column":0},"end":{"line":2,"column":60}},"2":{"start":{"line":3,"column":0},"end":{"line":3,"column":62}},"3":{"start":{"line":4,"column":0},"end":{"line":4,"column":60}},"4":{"start":{"line":7,"column":12},"end":{"line":7,"column":54}},"5":{"start":{"line":10,"column":27},"end":{"line":10,"column":49}},"6":{"start":{"line":11,"column":8},"end":{"line":15,"column":9}},"7":{"start":{"line":12,"column":12},"end":{"line":12,"column":67}},"8":{"start":{"line":13,"column":12},"end":{"line":13,"column":69}},"9":{"start":{"line":14,"column":12},"end":{"line":14,"column":59}},"10":{"start":{"line":19,"column":8},"end":{"line":33,"column":9}},"11":{"start":{"line":19,"column":21},"end":{"line":19,"column":22}},"12":{"start":{"line":20,"column":28},"end":{"line":20,"column":39}},"13":{"start":{"line":22,"column":12},"end":{"line":32,"column":13}},"14":{"start":{"line":23,"column":16},"end":{"line":23,"column":null}},"15":{"start":{"line":24,"column":19},"end":{"line":32,"column":13}},"16":{"start":{"line":25,"column":16},"end":{"line":25,"column":null}},"17":{"start":{"line":30,"column":19},"end":{"line":32,"column":13}},"18":{"start":{"line":31,"column":16},"end":{"line":31,"column":null}},"19":{"start":{"line":37,"column":8},"end":{"line":37,"column":29}},"20":{"start":{"line":42,"column":8},"end":{"line":42,"column":34}},"21":{"start":{"line":43,"column":8},"end":{"line":43,"column":null}},"22":{"start":{"line":48,"column":8},"end":{"line":48,"column":34}},"23":{"start":{"line":49,"column":8},"end":{"line":49,"column":null}},"24":{"start":{"line":6,"column":0},"end":{"line":6,"column":13}}},"fnMap":{"0":{"name":"(anonymous_0)","decl":{"start":{"line":9,"column":4},"end":{"line":9,"column":16}},"loc":{"start":{"line":9,"column":40},"end":{"line":16,"column":5}}},"1":{"name":"(anonymous_1)","decl":{"start":{"line":18,"column":11},"end":{"line":18,"column":13}},"loc":{"start":{"line":18,"column":30},"end":{"line":34,"column":5}}},"2":{"name":"(anonymous_2)","decl":{"start":{"line":36,"column":11},"end":{"line":36,"column":12}},"loc":{"start":{"line":36,"column":29},"end":{"line":38,"column":5}}},"3":{"name":"(anonymous_3)","decl":{"start":{"line":40,"column":4},"end":{"line":40,"column":15}},"loc":{"start":{"line":40,"column":18},"end":{"line":44,"column":5}}},"4":{"name":"(anonymous_4)","decl":{"start":{"line":46,"column":11},"end":{"line":46,"column":14}},"loc":{"start":{"line":46,"column":14},"end":{"line":50,"column":5}}}},"branchMap":{"0":{"loc":{"start":{"line":9,"column":16},"end":{"line":9,"column":40}},"type":"default-arg","locations":[{"start":{"line":9,"column":38},"end":{"line":9,"column":40}}]},"1":{"loc":{"start":{"line":11,"column":8},"end":{"line":15,"column":9}},"type":"if","locations":[{"start":{"line":11,"column":8},"end":{"line":15,"column":9}}]},"2":{"loc":{"start":{"line":22,"column":12},"end":{"line":32,"column":13}},"type":"if","locations":[{"start":{"line":22,"column":12},"end":{"line":32,"column":13}},{"start":{"line":24,"column":19},"end":{"line":32,"column":13}}]},"3":{"loc":{"start":{"line":24,"column":19},"end":{"line":32,"column":13}},"type":"if","locations":[{"start":{"line":24,"column":19},"end":{"line":32,"column":13}},{"start":{"line":30,"column":19},"end":{"line":32,"column":13}}]},"4":{"loc":{"start":{"line":30,"column":19},"end":{"line":32,"column":13}},"type":"if","locations":[{"start":{"line":30,"column":19},"end":{"line":32,"column":13}}]}},"s":{"0":1,"1":1,"2":1,"3":1,"4":21,"5":21,"6":21,"7":20,"8":20,"9":20,"10":19,"11":19,"12":34,"13":34,"14":10,"15":24,"16":8,"17":16,"18":16,"19":4,"20":3,"21":3,"22":20,"23":20,"24":1},"f":{"0":21,"1":19,"2":4,"3":3,"4":20},"b":{"0":[1],"1":[20],"2":[10,24],"3":[8,16],"4":[16]}}
,"/Users/lieuwe.jansons/code/dojo/exams/smelly-mars-rover/typescript/src/RoverState.ts": {"path":"/Users/lieuwe.jansons/code/dojo/exams/smelly-mars-rover/typescript/src/RoverState.ts","statementMap":{"0":{"start":{"line":1,"column":0},"end":{"line":1,"column":null}},"1":{"start":{"line":2,"column":4},"end":{"line":2,"column":null}},"2":{"start":{"line":3,"column":4},"end":{"line":3,"column":null}},"3":{"start":{"line":4,"column":4},"end":{"line":4,"column":null}},"4":{"start":{"line":5,"column":4},"end":{"line":5,"column":null}},"5":{"start":{"line":8,"column":13},"end":{"line":8,"column":33}},"6":{"start":{"line":9,"column":13},"end":{"line":9,"column":32}},"7":{"start":{"line":10,"column":13},"end":{"line":10,"column":33}},"8":{"start":{"line":11,"column":13},"end":{"line":11,"column":32}},"9":{"start":{"line":13,"column":0},"end":{"line":13,"column":null}},"10":{"start":{"line":14,"column":4},"end":{"line":14,"column":null}},"11":{"start":{"line":15,"column":4},"end":{"line":15,"column":null}},"12":{"start":{"line":16,"column":4},"end":{"line":16,"column":null}},"13":{"start":{"line":19,"column":13},"end":{"line":19,"column":40}},"14":{"start":{"line":20,"column":13},"end":{"line":20,"column":39}},"15":{"start":{"line":21,"column":13},"end":{"line":21,"column":39}},"16":{"start":{"line":24,"column":4},"end":{"line":24,"column":25}},"17":{"start":{"line":25,"column":4},"end":{"line":25,"column":27}},"18":{"start":{"line":26,"column":4},"end":{"line":26,"column":32}},"19":{"start":{"line":29,"column":8},"end":{"line":29,"column":46}},"20":{"start":{"line":33,"column":8},"end":{"line":33,"column":26}},"21":{"start":{"line":37,"column":8},"end":{"line":37,"column":24}},"22":{"start":{"line":41,"column":8},"end":{"line":41,"column":26}},"23":{"start":{"line":45,"column":8},"end":{"line":45,"column":24}},"24":{"start":{"line":49,"column":8},"end":{"line":49,"column":32}},"25":{"start":{"line":53,"column":8},"end":{"line":53,"column":33}},"26":{"start":{"line":57,"column":8},"end":{"line":57,"column":32}},"27":{"start":{"line":61,"column":8},"end":{"line":61,"column":33}},"28":{"start":{"line":65,"column":8},"end":{"line":65,"column":73}},"29":{"start":{"line":23,"column":0},"end":{"line":23,"column":13}}},"fnMap":{"0":{"name":"(anonymous_0)","decl":{"start":{"line":1,"column":0},"end":{"line":1,"column":12}},"loc":{"start":{"line":1,"column":21},"end":{"line":6,"column":1}}},"1":{"name":"(anonymous_1)","decl":{"start":{"line":13,"column":0},"end":{"line":13,"column":12}},"loc":{"start":{"line":13,"column":20},"end":{"line":17,"column":1}}},"2":{"name":"(anonymous_2)","decl":{"start":{"line":23,"column":0},"end":{"line":23,"column":13}},"loc":{"start":{"line":23,"column":0},"end":{"line":67,"column":1}}},"3":{"name":"(anonymous_3)","decl":{"start":{"line":28,"column":4},"end":{"line":28,"column":12}},"loc":{"start":{"line":28,"column":33},"end":{"line":30,"column":5}}},"4":{"name":"(anonymous_4)","decl":{"start":{"line":32,"column":4},"end":{"line":32,"column":16}},"loc":{"start":{"line":32,"column":16},"end":{"line":34,"column":5}}},"5":{"name":"(anonymous_5)","decl":{"start":{"line":36,"column":4},"end":{"line":36,"column":15}},"loc":{"start":{"line":36,"column":15},"end":{"line":38,"column":5}}},"6":{"name":"(anonymous_6)","decl":{"start":{"line":40,"column":4},"end":{"line":40,"column":16}},"loc":{"start":{"line":40,"column":16},"end":{"line":42,"column":5}}},"7":{"name":"(anonymous_7)","decl":{"start":{"line":44,"column":4},"end":{"line":44,"column":15}},"loc":{"start":{"line":44,"column":15},"end":{"line":46,"column":5}}},"8":{"name":"(anonymous_8)","decl":{"start":{"line":48,"column":4},"end":{"line":48,"column":14}},"loc":{"start":{"line":48,"column":14},"end":{"line":50,"column":5}}},"9":{"name":"(anonymous_9)","decl":{"start":{"line":52,"column":4},"end":{"line":52,"column":15}},"loc":{"start":{"line":52,"column":15},"end":{"line":54,"column":5}}},"10":{"name":"(anonymous_10)","decl":{"start":{"line":56,"column":4},"end":{"line":56,"column":14}},"loc":{"start":{"line":56,"column":14},"end":{"line":58,"column":5}}},"11":{"name":"(anonymous_11)","decl":{"start":{"line":60,"column":4},"end":{"line":60,"column":15}},"loc":{"start":{"line":60,"column":15},"end":{"line":62,"column":5}}},"12":{"name":"(anonymous_12)","decl":{"start":{"line":64,"column":4},"end":{"line":64,"column":24}},"loc":{"start":{"line":64,"column":24},"end":{"line":66,"column":5}}}},"branchMap":{"0":{"loc":{"start":{"line":1,"column":12},"end":{"line":1,"column":null}},"type":"binary-expr","locations":[{"start":{"line":1,"column":12},"end":{"line":1,"column":21}},{"start":{"line":1,"column":21},"end":{"line":1,"column":null}}]},"1":{"loc":{"start":{"line":13,"column":12},"end":{"line":13,"column":null}},"type":"binary-expr","locations":[{"start":{"line":13,"column":12},"end":{"line":13,"column":20}},{"start":{"line":13,"column":20},"end":{"line":13,"column":null}}]}},"s":{"0":1,"1":1,"2":1,"3":1,"4":1,"5":1,"6":1,"7":1,"8":1,"9":1,"10":1,"11":1,"12":1,"13":1,"14":1,"15":1,"16":21,"17":21,"18":21,"19":108,"20":3,"21":3,"22":4,"23":6,"24":4,"25":4,"26":6,"27":4,"28":23,"29":1},"f":{"0":1,"1":1,"2":21,"3":108,"4":3,"5":3,"6":4,"7":6,"8":4,"9":4,"10":6,"11":4,"12":23},"b":{"0":[1,1],"1":[1,1]}}
,"/Users/lieuwe.jansons/code/dojo/exams/smelly-mars-rover/typescript/src/commandStrategies/commandLeft.ts": {"path":"/Users/lieuwe.jansons/code/dojo/exams/smelly-mars-rover/typescript/src/commandStrategies/commandLeft.ts","statementMap":{"0":{"start":{"line":1,"column":0},"end":{"line":1,"column":67}},"1":{"start":{"line":5,"column":8},"end":{"line":13,"column":9}},"2":{"start":{"line":6,"column":12},"end":{"line":6,"column":37}},"3":{"start":{"line":7,"column":15},"end":{"line":13,"column":9}},"4":{"start":{"line":8,"column":12},"end":{"line":8,"column":36}},"5":{"start":{"line":9,"column":15},"end":{"line":13,"column":9}},"6":{"start":{"line":10,"column":12},"end":{"line":10,"column":37}},"7":{"start":{"line":11,"column":15},"end":{"line":13,"column":9}},"8":{"start":{"line":12,"column":12},"end":{"line":12,"column":36}},"9":{"start":{"line":3,"column":0},"end":{"line":3,"column":13}}},"fnMap":{"0":{"name":"(anonymous_0)","decl":{"start":{"line":4,"column":4},"end":{"line":4,"column":10}},"loc":{"start":{"line":4,"column":41},"end":{"line":14,"column":5}}}},"branchMap":{"0":{"loc":{"start":{"line":5,"column":8},"end":{"line":13,"column":9}},"type":"if","locations":[{"start":{"line":5,"column":8},"end":{"line":13,"column":9}},{"start":{"line":7,"column":15},"end":{"line":13,"column":9}}]},"1":{"loc":{"start":{"line":7,"column":15},"end":{"line":13,"column":9}},"type":"if","locations":[{"start":{"line":7,"column":15},"end":{"line":13,"column":9}},{"start":{"line":9,"column":15},"end":{"line":13,"column":9}}]},"2":{"loc":{"start":{"line":9,"column":15},"end":{"line":13,"column":9}},"type":"if","locations":[{"start":{"line":9,"column":15},"end":{"line":13,"column":9}},{"start":{"line":11,"column":15},"end":{"line":13,"column":9}}]},"3":{"loc":{"start":{"line":11,"column":15},"end":{"line":13,"column":9}},"type":"if","locations":[{"start":{"line":11,"column":15},"end":{"line":13,"column":9}}]}},"s":{"0":1,"1":10,"2":2,"3":8,"4":4,"5":4,"6":2,"7":2,"8":2,"9":1},"f":{"0":10},"b":{"0":[2,8],"1":[4,4],"2":[2,2],"3":[2]}}
,"/Users/lieuwe.jansons/code/dojo/exams/smelly-mars-rover/typescript/src/commandStrategies/commandMove.ts": {"path":"/Users/lieuwe.jansons/code/dojo/exams/smelly-mars-rover/typescript/src/commandStrategies/commandMove.ts","statementMap":{"0":{"start":{"line":1,"column":0},"end":{"line":1,"column":67}},"1":{"start":{"line":5,"column":8},"end":{"line":7,"column":9}},"2":{"start":{"line":6,"column":12},"end":{"line":6,"column":37}},"3":{"start":{"line":8,"column":8},"end":{"line":10,"column":9}},"4":{"start":{"line":9,"column":12},"end":{"line":9,"column":38}},"5":{"start":{"line":11,"column":8},"end":{"line":13,"column":9}},"6":{"start":{"line":12,"column":12},"end":{"line":12,"column":37}},"7":{"start":{"line":14,"column":8},"end":{"line":16,"column":9}},"8":{"start":{"line":15,"column":12},"end":{"line":15,"column":38}},"9":{"start":{"line":3,"column":0},"end":{"line":3,"column":13}}},"fnMap":{"0":{"name":"(anonymous_0)","decl":{"start":{"line":4,"column":4},"end":{"line":4,"column":10}},"loc":{"start":{"line":4,"column":41},"end":{"line":17,"column":5}}}},"branchMap":{"0":{"loc":{"start":{"line":5,"column":8},"end":{"line":7,"column":9}},"type":"if","locations":[{"start":{"line":5,"column":8},"end":{"line":7,"column":9}}]},"1":{"loc":{"start":{"line":8,"column":8},"end":{"line":10,"column":9}},"type":"if","locations":[{"start":{"line":8,"column":8},"end":{"line":10,"column":9}}]},"2":{"loc":{"start":{"line":11,"column":8},"end":{"line":13,"column":9}},"type":"if","locations":[{"start":{"line":11,"column":8},"end":{"line":13,"column":9}}]},"3":{"loc":{"start":{"line":14,"column":8},"end":{"line":16,"column":9}},"type":"if","locations":[{"start":{"line":14,"column":8},"end":{"line":16,"column":9}}]}},"s":{"0":1,"1":16,"2":6,"3":16,"4":4,"5":16,"6":3,"7":16,"8":3,"9":1},"f":{"0":16},"b":{"0":[6],"1":[4],"2":[3],"3":[3]}}
,"/Users/lieuwe.jansons/code/dojo/exams/smelly-mars-rover/typescript/src/commandStrategies/commandRight.ts": {"path":"/Users/lieuwe.jansons/code/dojo/exams/smelly-mars-rover/typescript/src/commandStrategies/commandRight.ts","statementMap":{"0":{"start":{"line":1,"column":0},"end":{"line":1,"column":67}},"1":{"start":{"line":5,"column":8},"end":{"line":8,"column":72}},"2":{"start":{"line":5,"column":46},"end":{"line":5,"column":71}},"3":{"start":{"line":6,"column":13},"end":{"line":8,"column":72}},"4":{"start":{"line":6,"column":47},"end":{"line":6,"column":71}},"5":{"start":{"line":7,"column":13},"end":{"line":8,"column":72}},"6":{"start":{"line":7,"column":46},"end":{"line":7,"column":71}},"7":{"start":{"line":8,"column":13},"end":{"line":8,"column":72}},"8":{"start":{"line":8,"column":47},"end":{"line":8,"column":71}},"9":{"start":{"line":3,"column":0},"end":{"line":3,"column":13}}},"fnMap":{"0":{"name":"(anonymous_0)","decl":{"start":{"line":4,"column":4},"end":{"line":4,"column":10}},"loc":{"start":{"line":4,"column":41},"end":{"line":9,"column":5}}}},"branchMap":{"0":{"loc":{"start":{"line":5,"column":8},"end":{"line":8,"column":72}},"type":"if","locations":[{"start":{"line":5,"column":8},"end":{"line":8,"column":72}},{"start":{"line":6,"column":13},"end":{"line":8,"column":72}}]},"1":{"loc":{"start":{"line":6,"column":13},"end":{"line":8,"column":72}},"type":"if","locations":[{"start":{"line":6,"column":13},"end":{"line":8,"column":72}},{"start":{"line":7,"column":13},"end":{"line":8,"column":72}}]},"2":{"loc":{"start":{"line":7,"column":13},"end":{"line":8,"column":72}},"type":"if","locations":[{"start":{"line":7,"column":13},"end":{"line":8,"column":72}},{"start":{"line":8,"column":13},"end":{"line":8,"column":72}}]},"3":{"loc":{"start":{"line":8,"column":13},"end":{"line":8,"column":72}},"type":"if","locations":[{"start":{"line":8,"column":13},"end":{"line":8,"column":72}}]}},"s":{"0":1,"1":8,"2":2,"3":6,"4":2,"5":4,"6":2,"7":2,"8":2,"9":1},"f":{"0":8},"b":{"0":[2,6],"1":[2,4],"2":[2,2],"3":[2]}}
}
