TN:
SF:src/Rover.ts
FN:12,(anonymous_0)
FN:31,(anonymous_1)
FN:39,(anonymous_2)
FN:45,(anonymous_3)
FN:52,(anonymous_4)
FN:61,(anonymous_5)
FN:67,(anonymous_6)
FNF:7
FNH:7
FNDA:24,(anonymous_0)
FNDA:44,(anonymous_1)
FNDA:22,(anonymous_2)
FNDA:19,(anonymous_3)
FNDA:4,(anonymous_4)
FNDA:3,(anonymous_5)
FNDA:23,(anonymous_6)
DA:1,1
DA:2,1
DA:3,1
DA:4,1
DA:5,1
DA:6,1
DA:8,1
DA:10,24
DA:13,24
DA:15,24
DA:16,2
DA:17,2
DA:19,2
DA:22,22
DA:24,22
DA:32,44
DA:34,44
DA:35,44
DA:40,22
DA:41,22
DA:46,19
DA:54,4
DA:55,1
DA:58,3
DA:63,3
DA:64,3
DA:69,23
DA:70,23
LF:28
LH:28
BRDA:12,0,0,1
BRDA:15,1,0,2
BRDA:34,2,0,44
BRDA:40,3,0,22
BRDA:54,4,0,1
BRF:5
BRH:5
end_of_record
TN:
SF:src/RoverState.ts
FN:20,(anonymous_0)
FN:26,(anonymous_1)
FN:30,(anonymous_2)
FN:34,(anonymous_3)
FN:38,(anonymous_4)
FN:42,(anonymous_5)
FN:46,(anonymous_6)
FN:50,(anonymous_7)
FN:54,(anonymous_8)
FN:58,(anonymous_9)
FN:62,(anonymous_10)
FN:66,(anonymous_11)
FN:70,(anonymous_12)
FNF:13
FNH:13
FNDA:24,(anonymous_0)
FNDA:22,(anonymous_1)
FNDA:44,(anonymous_2)
FNDA:108,(anonymous_3)
FNDA:3,(anonymous_4)
FNDA:3,(anonymous_5)
FNDA:4,(anonymous_6)
FNDA:6,(anonymous_7)
FNDA:4,(anonymous_8)
FNDA:4,(anonymous_9)
FNDA:6,(anonymous_10)
FNDA:4,(anonymous_11)
FNDA:26,(anonymous_12)
DA:1,1
DA:10,1
DA:11,1
DA:12,1
DA:13,1
DA:15,1
DA:21,24
DA:22,24
DA:23,24
DA:27,22
DA:31,44
DA:35,108
DA:39,3
DA:43,3
DA:47,4
DA:51,6
DA:55,4
DA:59,4
DA:63,6
DA:67,4
DA:71,26
LF:21
LH:21
BRDA:20,0,0,2
BRDA:20,1,0,2
BRDA:20,2,0,2
BRF:3
BRH:3
end_of_record
TN:
SF:src/commandHandling/commandsHandler.ts
FN:3,(anonymous_0)
FN:21,(anonymous_1)
FN:25,(anonymous_2)
FN:31,(anonymous_3)
FNF:4
FNH:4
FNDA:1,(anonymous_0)
FNDA:24,(anonymous_1)
FNDA:19,(anonymous_2)
FNDA:34,(anonymous_3)
DA:3,1
DA:4,1
DA:5,1
DA:6,1
DA:9,1
DA:10,1
DA:11,1
DA:18,1
DA:22,24
DA:26,19
DA:27,34
DA:32,34
DA:33,74
DA:34,34
DA:35,34
LF:15
LH:15
BRDA:3,0,0,1
BRDA:3,0,1,1
BRDA:33,1,0,34
BRF:3
BRH:3
end_of_record
TN:
SF:src/commandHandling/stringToCommands.ts
FN:4,(anonymous_0)
FNF:1
FNH:1
FNDA:19,(anonymous_0)
DA:1,1
DA:3,1
DA:5,19
DA:7,19
DA:8,19
DA:9,35
DA:11,35
DA:13,10
DA:14,10
DA:16,8
DA:17,8
DA:19,16
DA:20,16
DA:25,19
LF:14
LH:14
BRDA:11,0,0,10
BRDA:11,0,1,8
BRDA:11,0,2,16
BRDA:11,0,3,1
BRF:4
BRH:4
end_of_record
TN:
SF:src/commandHandling/strategies/commandLeft.ts
FN:6,(anonymous_0)
FN:10,(anonymous_1)
FNF:2
FNH:2
FNDA:34,(anonymous_0)
FNDA:10,(anonymous_1)
DA:1,1
DA:2,1
DA:5,1
DA:7,34
DA:11,10
DA:12,2
DA:13,8
DA:14,4
DA:15,4
DA:16,2
DA:17,2
DA:18,2
LF:12
LH:12
BRDA:11,0,0,2
BRDA:11,0,1,8
BRDA:13,1,0,4
BRDA:13,1,1,4
BRDA:15,2,0,2
BRDA:15,2,1,2
BRDA:17,3,0,2
BRF:7
BRH:7
end_of_record
TN:
SF:src/commandHandling/strategies/commandMove.ts
FN:5,(anonymous_0)
FN:9,(anonymous_1)
FNF:2
FNH:2
FNDA:16,(anonymous_0)
FNDA:16,(anonymous_1)
DA:1,1
DA:2,1
DA:4,1
DA:6,16
DA:10,16
DA:11,6
DA:13,16
DA:14,4
DA:16,16
DA:17,3
DA:19,16
DA:20,3
LF:12
LH:12
BRDA:10,0,0,6
BRDA:13,1,0,4
BRDA:16,2,0,3
BRDA:19,3,0,3
BRF:4
BRH:4
end_of_record
TN:
SF:src/commandHandling/strategies/commandRight.ts
FN:5,(anonymous_0)
FN:9,(anonymous_1)
FNF:2
FNH:2
FNDA:24,(anonymous_0)
FNDA:8,(anonymous_1)
DA:1,1
DA:2,1
DA:4,1
DA:6,24
DA:10,8
DA:11,2
DA:12,6
DA:13,2
DA:14,4
DA:15,2
DA:16,2
DA:17,2
LF:12
LH:12
BRDA:10,0,0,2
BRDA:10,0,1,6
BRDA:12,1,0,2
BRDA:12,1,1,4
BRDA:14,2,0,2
BRDA:14,2,1,2
BRDA:16,3,0,2
BRF:7
BRH:7
end_of_record
